[17-12-2023 22:20:49.822 INFO com.nopcommerce.user.Level_22_Multiple_Environment_Parameter] - Register - Step 01: Navigate to 'Register' page
[17-12-2023 22:20:50.812 INFO com.nopcommerce.user.Level_22_Multiple_Environment_Parameter] - Register - Step 02: Click to radio button 'Male'
[17-12-2023 22:20:50.891 INFO com.nopcommerce.user.Level_22_Multiple_Environment_Parameter] - Register - Step 03: Enter to Firstname textbox with value is 'Automation'
[17-12-2023 22:20:51.012 INFO com.nopcommerce.user.Level_22_Multiple_Environment_Parameter] - Register - Step 04: Enter to Lastname textbox with value is 'FC'
[17-12-2023 22:20:51.131 INFO com.nopcommerce.user.Level_22_Multiple_Environment_Parameter] - Register - Step 05: Select DateOfBirthDay dropdown with value is '10'
[17-12-2023 22:20:51.276 INFO com.nopcommerce.user.Level_22_Multiple_Environment_Parameter] - Register - Step 06: Select DateOfBirthMonth dropdown with value is 'August'
[17-12-2023 22:20:51.440 INFO com.nopcommerce.user.Level_22_Multiple_Environment_Parameter] - Register - Step 07: Select DateOfBirthYear dropdown with value is '1995'
[17-12-2023 22:20:51.549 INFO com.nopcommerce.user.Level_22_Multiple_Environment_Parameter] - Register - Step 08: Enter to Email textbox with value is 'automationfc6919@fakemail.com'
[17-12-2023 22:20:51.712 INFO com.nopcommerce.user.Level_22_Multiple_Environment_Parameter] - Register - Step 09: Enter to Password textbox with value is '123456'
[17-12-2023 22:20:51.831 INFO com.nopcommerce.user.Level_22_Multiple_Environment_Parameter] - Register - Step 10: Enter to Confirm password textbox with value is '123456'
[17-12-2023 22:20:51.957 INFO com.nopcommerce.user.Level_22_Multiple_Environment_Parameter] - Register - Step 11: Enter to 'Register' button
[17-12-2023 22:20:52.604 INFO com.nopcommerce.user.Level_22_Multiple_Environment_Parameter] - Register - Step 12: Verify success message is displayed
[17-12-2023 22:20:52.655 INFO com.nopcommerce.user.Level_22_Multiple_Environment_Parameter] - Register - Step 13: Click to Logout link
[17-12-2023 22:20:53.065 INFO com.nopcommerce.user.Level_22_Multiple_Environment_Parameter] - Login - Step 01: Navigate to Login page
[17-12-2023 22:20:53.809 INFO com.nopcommerce.user.Level_22_Multiple_Environment_Parameter] - Login - Step 02: Enter to Email textbox with value is 'automationfc6919@fakemail.com'
[17-12-2023 22:20:53.946 INFO com.nopcommerce.user.Level_22_Multiple_Environment_Parameter] - Login - Step 03: Enter to Password textbox with value is '123456'
[17-12-2023 22:20:54.074 INFO com.nopcommerce.user.Level_22_Multiple_Environment_Parameter] - Login - Step 04: Click to Login button
[17-12-2023 22:20:54.687 INFO com.nopcommerce.user.Level_22_Multiple_Environment_Parameter] - Login - Step 05: Verify 'My Account' link is displayed
[17-12-2023 22:20:54.753 INFO com.nopcommerce.user.Level_22_Multiple_Environment_Parameter] - Login - Step 01: Navigate to 'My Account' link
[17-12-2023 22:20:55.848 INFO com.nopcommerce.user.Level_22_Multiple_Environment_Parameter] - Login - Step 02: Verify 'Customer Infor' link is displayed
[17-12-2023 22:20:55.917 INFO com.nopcommerce.user.Level_22_Multiple_Environment_Parameter] - Login - Step 03: Verify 'First Name' value is correctly
[17-12-2023 22:20:55.974 INFO com.nopcommerce.user.Level_22_Multiple_Environment_Parameter] - Login - Step 04: Verify 'Lase Name' value is correctly
[17-12-2023 22:20:56.037 INFO com.nopcommerce.user.Level_22_Multiple_Environment_Parameter] - Login - Step 05: Verify 'Email' value is correctly
[17-12-2023 22:20:56.103 INFO com.nopcommerce.user.Level_22_Multiple_Environment_Parameter] - OS name = windows 11
[17-12-2023 22:20:56.103 INFO com.nopcommerce.user.Level_22_Multiple_Environment_Parameter] - Driver instance name = chromedriver: chrome on windows (5075ecb2faf9a48120a3e3b48b57fae5)
