[17-12-2023 22:39:25.510 INFO com.nopcommerce.user.Level_22_Multiple_Environment_Owner] - Register - Step 01: Navigate to 'Register' page
[17-12-2023 22:39:26.021 INFO com.nopcommerce.user.Level_22_Multiple_Environment_Owner] - Register - Step 02: Click to radio button 'Male'
[17-12-2023 22:39:26.097 INFO com.nopcommerce.user.Level_22_Multiple_Environment_Owner] - Register - Step 03: Enter to Firstname textbox with value is 'Automation'
[17-12-2023 22:39:26.216 INFO com.nopcommerce.user.Level_22_Multiple_Environment_Owner] - Register - Step 04: Enter to Lastname textbox with value is 'FC'
[17-12-2023 22:39:26.330 INFO com.nopcommerce.user.Level_22_Multiple_Environment_Owner] - Register - Step 05: Select DateOfBirthDay dropdown with value is '10'
[17-12-2023 22:39:26.428 INFO com.nopcommerce.user.Level_22_Multiple_Environment_Owner] - Register - Step 06: Select DateOfBirthMonth dropdown with value is 'August'
[17-12-2023 22:39:26.550 INFO com.nopcommerce.user.Level_22_Multiple_Environment_Owner] - Register - Step 07: Select DateOfBirthYear dropdown with value is '1995'
[17-12-2023 22:39:26.642 INFO com.nopcommerce.user.Level_22_Multiple_Environment_Owner] - Register - Step 08: Enter to Email textbox with value is 'automationfc2888@fakemail.com'
[17-12-2023 22:39:26.811 INFO com.nopcommerce.user.Level_22_Multiple_Environment_Owner] - Register - Step 09: Enter to Password textbox with value is '123456'
[17-12-2023 22:39:26.906 INFO com.nopcommerce.user.Level_22_Multiple_Environment_Owner] - Register - Step 10: Enter to Confirm password textbox with value is '123456'
[17-12-2023 22:39:26.996 INFO com.nopcommerce.user.Level_22_Multiple_Environment_Owner] - Register - Step 11: Enter to 'Register' button
[17-12-2023 22:39:27.635 INFO com.nopcommerce.user.Level_22_Multiple_Environment_Owner] - Register - Step 12: Verify success message is displayed
[17-12-2023 22:39:27.701 INFO com.nopcommerce.user.Level_22_Multiple_Environment_Owner] - Register - Step 13: Click to Logout link
[17-12-2023 22:39:28.119 INFO com.nopcommerce.user.Level_22_Multiple_Environment_Owner] - Login - Step 01: Navigate to Login page
[17-12-2023 22:39:28.867 INFO com.nopcommerce.user.Level_22_Multiple_Environment_Owner] - Login - Step 02: Enter to Email textbox with value is 'automationfc2888@fakemail.com'
[17-12-2023 22:39:29.000 INFO com.nopcommerce.user.Level_22_Multiple_Environment_Owner] - Login - Step 03: Enter to Password textbox with value is '123456'
[17-12-2023 22:39:29.101 INFO com.nopcommerce.user.Level_22_Multiple_Environment_Owner] - Login - Step 04: Click to Login button
[17-12-2023 22:39:29.704 INFO com.nopcommerce.user.Level_22_Multiple_Environment_Owner] - Login - Step 05: Verify 'My Account' link is displayed
[17-12-2023 22:39:29.766 INFO com.nopcommerce.user.Level_22_Multiple_Environment_Owner] - Login - Step 01: Navigate to 'My Account' link
[17-12-2023 22:39:30.814 INFO com.nopcommerce.user.Level_22_Multiple_Environment_Owner] - Login - Step 02: Verify 'Customer Infor' link is displayed
[17-12-2023 22:39:30.870 INFO com.nopcommerce.user.Level_22_Multiple_Environment_Owner] - Login - Step 03: Verify 'First Name' value is correctly
[17-12-2023 22:39:30.929 INFO com.nopcommerce.user.Level_22_Multiple_Environment_Owner] - Login - Step 04: Verify 'Lase Name' value is correctly
[17-12-2023 22:39:30.994 INFO com.nopcommerce.user.Level_22_Multiple_Environment_Owner] - Login - Step 05: Verify 'Email' value is correctly
[17-12-2023 22:39:31.060 INFO com.nopcommerce.user.Level_22_Multiple_Environment_Owner] - OS name = windows 11
[17-12-2023 22:39:31.060 INFO com.nopcommerce.user.Level_22_Multiple_Environment_Owner] - Driver instance name = chromedriver: chrome on windows (0f5d0252c68ef3758a61ad50459d1b30)
