[11-12-2023 22:37:24.576 INFO com.nopcommerce.user.Level_21_Manage_Data_Part_IV] - Register - Step 01: Navigate to 'Register' page
[11-12-2023 22:37:25.578 INFO com.nopcommerce.user.Level_21_Manage_Data_Part_IV] - Register - Step 02: Click to radio button 'Male'
[11-12-2023 22:37:25.659 INFO com.nopcommerce.user.Level_21_Manage_Data_Part_IV] - Register - Step 03: Enter to Firstname textbox with value is 'Automation'
[11-12-2023 22:37:25.785 INFO com.nopcommerce.user.Level_21_Manage_Data_Part_IV] - Register - Step 04: Enter to Lastname textbox with value is 'FC'
[11-12-2023 22:37:25.895 INFO com.nopcommerce.user.Level_21_Manage_Data_Part_IV] - Register - Step 05: Select DateOfBirthDay dropdown with value is '10'
[11-12-2023 22:37:26.011 INFO com.nopcommerce.user.Level_21_Manage_Data_Part_IV] - Register - Step 06: Select DateOfBirthMonth dropdown with value is 'August'
[11-12-2023 22:37:26.111 INFO com.nopcommerce.user.Level_21_Manage_Data_Part_IV] - Register - Step 07: Select DateOfBirthYear dropdown with value is '1995'
[11-12-2023 22:37:26.223 INFO com.nopcommerce.user.Level_21_Manage_Data_Part_IV] - Register - Step 08: Enter to Email textbox with value is 'automationfc9364@fakemail.com'
[11-12-2023 22:37:26.403 INFO com.nopcommerce.user.Level_21_Manage_Data_Part_IV] - Register - Step 09: Enter to Password textbox with value is '123456'
[11-12-2023 22:37:26.521 INFO com.nopcommerce.user.Level_21_Manage_Data_Part_IV] - Register - Step 10: Enter to Confirm password textbox with value is '123456'
[11-12-2023 22:37:26.645 INFO com.nopcommerce.user.Level_21_Manage_Data_Part_IV] - Register - Step 11: Enter to 'Register' button
[11-12-2023 22:37:27.239 INFO com.nopcommerce.user.Level_21_Manage_Data_Part_IV] - Register - Step 12: Verify success message is displayed
[11-12-2023 22:37:27.320 INFO com.nopcommerce.user.Level_21_Manage_Data_Part_IV] - Register - Step 13: Click to Logout link
[11-12-2023 22:37:27.750 INFO com.nopcommerce.user.Level_21_Manage_Data_Part_IV] - Login - Step 01: Navigate to Login page
[11-12-2023 22:37:28.450 INFO com.nopcommerce.user.Level_21_Manage_Data_Part_IV] - Login - Step 02: Enter to Email textbox with value is 'automationfc9364@fakemail.com'
[11-12-2023 22:37:28.575 INFO com.nopcommerce.user.Level_21_Manage_Data_Part_IV] - Login - Step 03: Enter to Password textbox with value is '123456'
[11-12-2023 22:37:28.689 INFO com.nopcommerce.user.Level_21_Manage_Data_Part_IV] - Login - Step 04: Click to Login button
[11-12-2023 22:37:29.285 INFO com.nopcommerce.user.Level_21_Manage_Data_Part_IV] - Login - Step 05: Verify 'My Account' link is displayed
[11-12-2023 22:37:29.355 INFO com.nopcommerce.user.Level_21_Manage_Data_Part_IV] - Login - Step 01: Navigate to 'My Account' link
[11-12-2023 22:37:29.747 INFO com.nopcommerce.user.Level_21_Manage_Data_Part_IV] - Login - Step 02: Verify 'Customer Infor' link is displayed
[11-12-2023 22:37:29.817 INFO com.nopcommerce.user.Level_21_Manage_Data_Part_IV] - Login - Step 03: Verify 'First Name' value is correctly
[11-12-2023 22:37:29.877 INFO com.nopcommerce.user.Level_21_Manage_Data_Part_IV] - Login - Step 04: Verify 'Lase Name' value is correctly
[11-12-2023 22:37:29.939 INFO com.nopcommerce.user.Level_21_Manage_Data_Part_IV] - Login - Step 05: Verify 'Email' value is correctly
[11-12-2023 22:37:30.003 INFO com.nopcommerce.user.Level_21_Manage_Data_Part_IV] - OS name = windows 11
[11-12-2023 22:37:30.004 INFO com.nopcommerce.user.Level_21_Manage_Data_Part_IV] - Driver instance name = chromedriver: chrome on windows (a4b2a7f1c3c42294cc1d5e86693c8282)
