[11-12-2023 21:59:02.554 INFO com.nopcommerce.user.Level_21_Manage_Data_Part_IV] - Register - Step 01: Navigate to 'Register' page
[11-12-2023 21:59:03.528 INFO com.nopcommerce.user.Level_21_Manage_Data_Part_IV] - Register - Step 02: Click to radio button 'Male'
[11-12-2023 21:59:03.604 INFO com.nopcommerce.user.Level_21_Manage_Data_Part_IV] - Register - Step 03: Enter to Firstname textbox with value is 'Automation'
[11-12-2023 21:59:03.724 INFO com.nopcommerce.user.Level_21_Manage_Data_Part_IV] - Register - Step 04: Enter to Lastname textbox with value is 'FC'
[11-12-2023 21:59:03.821 INFO com.nopcommerce.user.Level_21_Manage_Data_Part_IV] - Register - Step 05: Select DateOfBirthDay dropdown with value is '10'
[11-12-2023 21:59:03.938 INFO com.nopcommerce.user.Level_21_Manage_Data_Part_IV] - Register - Step 06: Select DateOfBirthMonth dropdown with value is 'August'
[11-12-2023 21:59:04.039 INFO com.nopcommerce.user.Level_21_Manage_Data_Part_IV] - Register - Step 07: Select DateOfBirthYear dropdown with value is '1995'
[11-12-2023 21:59:04.156 INFO com.nopcommerce.user.Level_21_Manage_Data_Part_IV] - Register - Step 08: Enter to Email textbox with value is 'automationfc1273@fakemail.com'
[11-12-2023 21:59:04.364 INFO com.nopcommerce.user.Level_21_Manage_Data_Part_IV] - Register - Step 09: Enter to Password textbox with value is '123456'
[11-12-2023 21:59:04.477 INFO com.nopcommerce.user.Level_21_Manage_Data_Part_IV] - Register - Step 10: Enter to Confirm password textbox with value is '123456'
[11-12-2023 21:59:04.586 INFO com.nopcommerce.user.Level_21_Manage_Data_Part_IV] - Register - Step 11: Enter to 'Register' button
[11-12-2023 21:59:05.158 INFO com.nopcommerce.user.Level_21_Manage_Data_Part_IV] - Register - Step 12: Verify success message is displayed
[11-12-2023 21:59:05.225 INFO com.nopcommerce.user.Level_21_Manage_Data_Part_IV] - Register - Step 13: Click to Logout link
[11-12-2023 21:59:05.653 INFO com.nopcommerce.user.Level_21_Manage_Data_Part_IV] - Login - Step 01: Navigate to Login page
[11-12-2023 21:59:06.328 INFO com.nopcommerce.user.Level_21_Manage_Data_Part_IV] - Login - Step 02: Enter to Email textbox with value is 'automationfc1273@fakemail.com'
[11-12-2023 21:59:06.464 INFO com.nopcommerce.user.Level_21_Manage_Data_Part_IV] - Login - Step 03: Enter to Password textbox with value is '123456'
[11-12-2023 21:59:06.590 INFO com.nopcommerce.user.Level_21_Manage_Data_Part_IV] - Login - Step 04: Click to Login button
[11-12-2023 21:59:07.154 INFO com.nopcommerce.user.Level_21_Manage_Data_Part_IV] - Login - Step 05: Verify 'My Account' link is displayed
[11-12-2023 21:59:07.226 INFO com.nopcommerce.user.Level_21_Manage_Data_Part_IV] - Login - Step 01: Navigate to 'My Account' link
[11-12-2023 21:59:08.302 INFO com.nopcommerce.user.Level_21_Manage_Data_Part_IV] - Login - Step 02: Verify 'Customer Infor' link is displayed
[11-12-2023 21:59:08.388 INFO com.nopcommerce.user.Level_21_Manage_Data_Part_IV] - Login - Step 03: Verify 'First Name' value is correctly
[11-12-2023 21:59:08.447 INFO com.nopcommerce.user.Level_21_Manage_Data_Part_IV] - Login - Step 04: Verify 'Lase Name' value is correctly
[11-12-2023 21:59:08.509 INFO com.nopcommerce.user.Level_21_Manage_Data_Part_IV] - Login - Step 05: Verify 'Email' value is correctly
[11-12-2023 21:59:08.576 INFO com.nopcommerce.user.Level_21_Manage_Data_Part_IV] - OS name = windows 11
[11-12-2023 21:59:08.576 INFO com.nopcommerce.user.Level_21_Manage_Data_Part_IV] - Driver instance name = chromedriver: chrome on windows (515d6714a3882ac0efa3fc2adf52b784)
