[11-12-2023 22:54:10.140 INFO com.nopcommerce.user.Level_21_Manage_Data_Part_IV] - Register - Step 01: Navigate to 'Register' page
[11-12-2023 22:54:10.613 INFO com.nopcommerce.user.Level_21_Manage_Data_Part_IV] - Register - Step 02: Click to radio button 'Male'
[11-12-2023 22:54:10.690 INFO com.nopcommerce.user.Level_21_Manage_Data_Part_IV] - Register - Step 03: Enter to Firstname textbox with value is 'Automation'
[11-12-2023 22:54:10.813 INFO com.nopcommerce.user.Level_21_Manage_Data_Part_IV] - Register - Step 04: Enter to Lastname textbox with value is 'FC'
[11-12-2023 22:54:10.931 INFO com.nopcommerce.user.Level_21_Manage_Data_Part_IV] - Register - Step 05: Select DateOfBirthDay dropdown with value is '10'
[11-12-2023 22:54:11.056 INFO com.nopcommerce.user.Level_21_Manage_Data_Part_IV] - Register - Step 06: Select DateOfBirthMonth dropdown with value is 'August'
[11-12-2023 22:54:11.178 INFO com.nopcommerce.user.Level_21_Manage_Data_Part_IV] - Register - Step 07: Select DateOfBirthYear dropdown with value is '1995'
[11-12-2023 22:54:11.300 INFO com.nopcommerce.user.Level_21_Manage_Data_Part_IV] - Register - Step 08: Enter to Email textbox with value is 'automationfc257@fakemail.com'
[11-12-2023 22:54:11.485 INFO com.nopcommerce.user.Level_21_Manage_Data_Part_IV] - Register - Step 09: Enter to Password textbox with value is '123456'
[11-12-2023 22:54:11.600 INFO com.nopcommerce.user.Level_21_Manage_Data_Part_IV] - Register - Step 10: Enter to Confirm password textbox with value is '123456'
[11-12-2023 22:54:11.723 INFO com.nopcommerce.user.Level_21_Manage_Data_Part_IV] - Register - Step 11: Enter to 'Register' button
[11-12-2023 22:54:12.394 INFO com.nopcommerce.user.Level_21_Manage_Data_Part_IV] - Register - Step 12: Verify success message is displayed
[11-12-2023 22:54:12.453 INFO com.nopcommerce.user.Level_21_Manage_Data_Part_IV] - Register - Step 13: Click to Logout link
[11-12-2023 22:54:12.886 INFO com.nopcommerce.user.Level_21_Manage_Data_Part_IV] - Login - Step 01: Navigate to Login page
[11-12-2023 22:54:13.565 INFO com.nopcommerce.user.Level_21_Manage_Data_Part_IV] - Login - Step 02: Enter to Email textbox with value is 'automationfc257@fakemail.com'
[11-12-2023 22:54:13.706 INFO com.nopcommerce.user.Level_21_Manage_Data_Part_IV] - Login - Step 03: Enter to Password textbox with value is '123456'
[11-12-2023 22:54:13.811 INFO com.nopcommerce.user.Level_21_Manage_Data_Part_IV] - Login - Step 04: Click to Login button
[11-12-2023 22:54:14.401 INFO com.nopcommerce.user.Level_21_Manage_Data_Part_IV] - Login - Step 05: Verify 'My Account' link is displayed
[11-12-2023 22:54:14.481 INFO com.nopcommerce.user.Level_21_Manage_Data_Part_IV] - Login - Step 01: Navigate to 'My Account' link
[11-12-2023 22:54:15.509 INFO com.nopcommerce.user.Level_21_Manage_Data_Part_IV] - Login - Step 02: Verify 'Customer Infor' link is displayed
[11-12-2023 22:54:15.582 INFO com.nopcommerce.user.Level_21_Manage_Data_Part_IV] - Login - Step 03: Verify 'First Name' value is correctly
[11-12-2023 22:54:15.645 INFO com.nopcommerce.user.Level_21_Manage_Data_Part_IV] - Login - Step 04: Verify 'Lase Name' value is correctly
[11-12-2023 22:54:15.702 INFO com.nopcommerce.user.Level_21_Manage_Data_Part_IV] - Login - Step 05: Verify 'Email' value is correctly
[11-12-2023 22:54:15.767 INFO com.nopcommerce.user.Level_21_Manage_Data_Part_IV] - OS name = windows 11
[11-12-2023 22:54:15.767 INFO com.nopcommerce.user.Level_21_Manage_Data_Part_IV] - Driver instance name = chromedriver: chrome on windows (afbdf2c24d2a10e0b6410d80c8412669)
