[17-12-2023 22:24:06.581 INFO com.nopcommerce.user.Level_22_Multiple_Environment_Parameter] - Register - Step 01: Navigate to 'Register' page
[17-12-2023 22:24:07.114 INFO com.nopcommerce.user.Level_22_Multiple_Environment_Parameter] - Register - Step 02: Click to radio button 'Male'
[17-12-2023 22:24:07.198 INFO com.nopcommerce.user.Level_22_Multiple_Environment_Parameter] - Register - Step 03: Enter to Firstname textbox with value is 'Automation'
[17-12-2023 22:24:07.323 INFO com.nopcommerce.user.Level_22_Multiple_Environment_Parameter] - Register - Step 04: Enter to Lastname textbox with value is 'FC'
[17-12-2023 22:24:07.425 INFO com.nopcommerce.user.Level_22_Multiple_Environment_Parameter] - Register - Step 05: Select DateOfBirthDay dropdown with value is '10'
[17-12-2023 22:24:07.541 INFO com.nopcommerce.user.Level_22_Multiple_Environment_Parameter] - Register - Step 06: Select DateOfBirthMonth dropdown with value is 'August'
[17-12-2023 22:24:07.651 INFO com.nopcommerce.user.Level_22_Multiple_Environment_Parameter] - Register - Step 07: Select DateOfBirthYear dropdown with value is '1995'
[17-12-2023 22:24:07.751 INFO com.nopcommerce.user.Level_22_Multiple_Environment_Parameter] - Register - Step 08: Enter to Email textbox with value is 'automationfc7967@fakemail.com'
[17-12-2023 22:24:07.926 INFO com.nopcommerce.user.Level_22_Multiple_Environment_Parameter] - Register - Step 09: Enter to Password textbox with value is '123456'
[17-12-2023 22:24:08.060 INFO com.nopcommerce.user.Level_22_Multiple_Environment_Parameter] - Register - Step 10: Enter to Confirm password textbox with value is '123456'
[17-12-2023 22:24:08.164 INFO com.nopcommerce.user.Level_22_Multiple_Environment_Parameter] - Register - Step 11: Enter to 'Register' button
[17-12-2023 22:24:08.788 INFO com.nopcommerce.user.Level_22_Multiple_Environment_Parameter] - Register - Step 12: Verify success message is displayed
[17-12-2023 22:24:08.836 INFO com.nopcommerce.user.Level_22_Multiple_Environment_Parameter] - Register - Step 13: Click to Logout link
[17-12-2023 22:24:09.260 INFO com.nopcommerce.user.Level_22_Multiple_Environment_Parameter] - Login - Step 01: Navigate to Login page
[17-12-2023 22:24:09.977 INFO com.nopcommerce.user.Level_22_Multiple_Environment_Parameter] - Login - Step 02: Enter to Email textbox with value is 'automationfc7967@fakemail.com'
[17-12-2023 22:24:10.118 INFO com.nopcommerce.user.Level_22_Multiple_Environment_Parameter] - Login - Step 03: Enter to Password textbox with value is '123456'
[17-12-2023 22:24:10.222 INFO com.nopcommerce.user.Level_22_Multiple_Environment_Parameter] - Login - Step 04: Click to Login button
[17-12-2023 22:24:10.844 INFO com.nopcommerce.user.Level_22_Multiple_Environment_Parameter] - Login - Step 05: Verify 'My Account' link is displayed
[17-12-2023 22:24:10.907 INFO com.nopcommerce.user.Level_22_Multiple_Environment_Parameter] - Login - Step 01: Navigate to 'My Account' link
[17-12-2023 22:24:11.300 INFO com.nopcommerce.user.Level_22_Multiple_Environment_Parameter] - Login - Step 02: Verify 'Customer Infor' link is displayed
[17-12-2023 22:24:11.372 INFO com.nopcommerce.user.Level_22_Multiple_Environment_Parameter] - Login - Step 03: Verify 'First Name' value is correctly
[17-12-2023 22:24:11.436 INFO com.nopcommerce.user.Level_22_Multiple_Environment_Parameter] - Login - Step 04: Verify 'Lase Name' value is correctly
[17-12-2023 22:24:11.498 INFO com.nopcommerce.user.Level_22_Multiple_Environment_Parameter] - Login - Step 05: Verify 'Email' value is correctly
[17-12-2023 22:24:11.557 INFO com.nopcommerce.user.Level_22_Multiple_Environment_Parameter] - OS name = windows 11
[17-12-2023 22:24:11.557 INFO com.nopcommerce.user.Level_22_Multiple_Environment_Parameter] - Driver instance name = chromedriver: chrome on windows (0fef8579387164c3035cb1b365bbe225)
