[11-12-2023 22:26:25.730 INFO com.nopcommerce.user.Level_21_Manage_Data_Part_IV] - Register - Step 01: Navigate to 'Register' page
[11-12-2023 22:26:26.222 INFO com.nopcommerce.user.Level_21_Manage_Data_Part_IV] - Register - Step 02: Click to radio button 'Male'
[11-12-2023 22:26:26.308 INFO com.nopcommerce.user.Level_21_Manage_Data_Part_IV] - Register - Step 03: Enter to Firstname textbox with value is 'Automation'
[11-12-2023 22:26:26.435 INFO com.nopcommerce.user.Level_21_Manage_Data_Part_IV] - Register - Step 04: Enter to Lastname textbox with value is 'FC'
[11-12-2023 22:26:26.526 INFO com.nopcommerce.user.Level_21_Manage_Data_Part_IV] - Register - Step 05: Select DateOfBirthDay dropdown with value is '10'
[11-12-2023 22:26:26.645 INFO com.nopcommerce.user.Level_21_Manage_Data_Part_IV] - Register - Step 06: Select DateOfBirthMonth dropdown with value is 'August'
[11-12-2023 22:26:26.743 INFO com.nopcommerce.user.Level_21_Manage_Data_Part_IV] - Register - Step 07: Select DateOfBirthYear dropdown with value is '1995'
[11-12-2023 22:26:26.836 INFO com.nopcommerce.user.Level_21_Manage_Data_Part_IV] - Register - Step 08: Enter to Email textbox with value is 'automationfc3629@fakemail.com'
[11-12-2023 22:26:27.006 INFO com.nopcommerce.user.Level_21_Manage_Data_Part_IV] - Register - Step 09: Enter to Password textbox with value is '123456'
[11-12-2023 22:26:27.125 INFO com.nopcommerce.user.Level_21_Manage_Data_Part_IV] - Register - Step 10: Enter to Confirm password textbox with value is '123456'
[11-12-2023 22:26:27.246 INFO com.nopcommerce.user.Level_21_Manage_Data_Part_IV] - Register - Step 11: Enter to 'Register' button
[11-12-2023 22:26:27.858 INFO com.nopcommerce.user.Level_21_Manage_Data_Part_IV] - Register - Step 12: Verify success message is displayed
[11-12-2023 22:26:27.915 INFO com.nopcommerce.user.Level_21_Manage_Data_Part_IV] - Register - Step 13: Click to Logout link
[11-12-2023 22:26:28.371 INFO com.nopcommerce.user.Level_21_Manage_Data_Part_IV] - Login - Step 01: Navigate to Login page
[11-12-2023 22:26:29.065 INFO com.nopcommerce.user.Level_21_Manage_Data_Part_IV] - Login - Step 02: Enter to Email textbox with value is 'automationfc3629@fakemail.com'
[11-12-2023 22:26:29.180 INFO com.nopcommerce.user.Level_21_Manage_Data_Part_IV] - Login - Step 03: Enter to Password textbox with value is '123456'
[11-12-2023 22:26:29.305 INFO com.nopcommerce.user.Level_21_Manage_Data_Part_IV] - Login - Step 04: Click to Login button
[11-12-2023 22:26:29.889 INFO com.nopcommerce.user.Level_21_Manage_Data_Part_IV] - Login - Step 05: Verify 'My Account' link is displayed
[11-12-2023 22:26:29.953 INFO com.nopcommerce.user.Level_21_Manage_Data_Part_IV] - Login - Step 01: Navigate to 'My Account' link
[11-12-2023 22:26:30.324 INFO com.nopcommerce.user.Level_21_Manage_Data_Part_IV] - Login - Step 02: Verify 'Customer Infor' link is displayed
[11-12-2023 22:26:30.384 INFO com.nopcommerce.user.Level_21_Manage_Data_Part_IV] - Login - Step 03: Verify 'First Name' value is correctly
[11-12-2023 22:26:30.450 INFO com.nopcommerce.user.Level_21_Manage_Data_Part_IV] - Login - Step 04: Verify 'Lase Name' value is correctly
[11-12-2023 22:26:30.507 INFO com.nopcommerce.user.Level_21_Manage_Data_Part_IV] - Login - Step 05: Verify 'Email' value is correctly
[11-12-2023 22:26:30.573 INFO com.nopcommerce.user.Level_21_Manage_Data_Part_IV] - OS name = windows 11
[11-12-2023 22:26:30.573 INFO com.nopcommerce.user.Level_21_Manage_Data_Part_IV] - Driver instance name = chromedriver: chrome on windows (b52c9f71dc489075a3785722b50da720)
